{u'matches': [{u'mapId': 11,
               u'matchCreation': 1451603074200,
               u'matchDuration': 3067,
               u'matchId': 2054994244,
               u'matchMode': u'CLASSIC',
               u'matchType': u'MATCHED_GAME',
               u'matchVersion': u'5.24.0.256',
               u'participantIdentities': [{u'participantId': 1,
                                           u'player': {u'matchHistoryUri': u'/v1/stats/player_history/NA1/214684661',
                                                       u'profileIcon': 984,
                                                       u'summonerId': 51666047,
                                                       u'summonerName': u'jrizznezz'}},
                                          {u'participantId': 2,
                                           u'player': {u'matchHistoryUri': u'/v1/stats/player_history/NA1/205308031',
                                                       u'profileIcon': 627,
                                                       u'summonerId': 42726231,
                                                       u'summonerName': u'ConsumeSumWater'}},
                                          {u'participantId': 3,
                                           u'player': {u'matchHistoryUri': u'/v1/stats/player_history/NA1/212183251',
                                                       u'profileIcon': 786,
                                                       u'summonerId': 49262934,
                                                       u'summonerName': u'PuruPandey'}},
                                          {u'participantId': 4,
                                           u'player': {u'matchHistoryUri': u'/v1/stats/player_history/NA1/212845505',
                                                       u'profileIcon': 746,
                                                       u'summonerId': 50204765,
                                                       u'summonerName': u'NurseStun'}},
                                          {u'participantId': 5,
                                           u'player': {u'matchHistoryUri': u'/v1/stats/player_history/NA1/216581777',
                                                       u'profileIcon': 934,
                                                       u'summonerId': 53865827,
                                                       u'summonerName': u'so saucey'}},
                                          {u'participantId': 6,
                                           u'player': {u'matchHistoryUri': u'/v1/stats/player_history/NA1/43158388',
                                                       u'profileIcon': 953,
                                                       u'summonerId': 28903187,
                                                       u'summonerName': u'sounkt'}},
                                          {u'participantId': 7,
                                           u'player': {u'matchHistoryUri': u'/v1/stats/player_history/NA1/226592647',
                                                       u'profileIcon': 550,
                                                       u'summonerId': 63800895,
                                                       u'summonerName': u'Lewis'}},
                                          {u'participantId': 8,
                                           u'player': {u'matchHistoryUri': u'/v1/stats/player_history/NA1/214315201',
                                                       u'profileIcon': 622,
                                                       u'summonerId': 51403662,
                                                       u'summonerName': u'M1alphax'}},
                                          {u'participantId': 9,
                                           u'player': {u'matchHistoryUri': u'/v1/stats/player_history/NA1/227668857',
                                                       u'profileIcon': 982,
                                                       u'summonerId': 65760428,
                                                       u'summonerName': u'Annihilatorftw'}},
                                          {u'participantId': 10,
                                           u'player': {u'matchHistoryUri': u'/v1/stats/player_history/NA/31865816',
                                                       u'profileIcon': 683,
                                                       u'summonerId': 19171337,
                                                       u'summonerName': u'DiligentGod'}}],
               u'participants': [{u'championId': 236,
                                  u'highestAchievedSeasonTier': u'UNRANKED',
                                  u'masteries': [{u'masteryId': 6111,
                                                  u'rank': 5},
                                                 {u'masteryId': 6122,
                                                  u'rank': 1},
                                                 {u'masteryId': 6131,
                                                  u'rank': 5},
                                                 {u'masteryId': 6141,
                                                  u'rank': 1},
                                                 {u'masteryId': 6151,
                                                  u'rank': 5},
                                                 {u'masteryId': 6161,
                                                  u'rank': 1},
                                                 {u'masteryId': 6312,
                                                  u'rank': 5},
                                                 {u'masteryId': 6322,
                                                  u'rank': 1},
                                                 {u'masteryId': 6331,
                                                  u'rank': 5},
                                                 {u'masteryId': 6343,
                                                  u'rank': 1}],
                                  u'participantId': 1,
                                  u'runes': [{u'rank': 9,
                                              u'runeId': 5245},
                                             {u'rank': 9,
                                              u'runeId': 5289},
                                             {u'rank': 9,
                                              u'runeId': 5317},
                                             {u'rank': 3,
                                              u'runeId': 5337}],
                                  u'spell1Id': 4,
                                  u'spell2Id': 7,
                                  u'stats': {u'assists': 16,
                                             u'champLevel': 18,
                                             u'combatPlayerScore': 0,
                                             u'deaths': 13,
                                             u'doubleKills': 1,
                                             u'firstBloodAssist': False,
                                             u'firstBloodKill': False,
                                             u'firstInhibitorAssist': False,
                                             u'firstInhibitorKill': False,
                                             u'firstTowerAssist': False,
                                             u'firstTowerKill': False,
                                             u'goldEarned': 17977,
                                             u'goldSpent': 17550,
                                             u'inhibitorKills': 0,
                                             u'item0': 3034,
                                             u'item1': 3031,
                                             u'item2': 3139,
                                             u'item3': 1301,
                                             u'item4': 3508,
                                             u'item5': 3026,
                                             u'item6': 3363,
                                             u'killingSprees': 1,
                                             u'kills': 6,
                                             u'largestCriticalStrike': 1138,
                                             u'largestKillingSpree': 4,
                                             u'largestMultiKill': 3,
                                             u'magicDamageDealt': 12664,
                                             u'magicDamageDealtToChampions': 3445,
                                             u'magicDamageTaken': 16501,
                                             u'minionsKilled': 217,
                                             u'neutralMinionsKilled': 46,
                                             u'neutralMinionsKilledEnemyJungle': 14,
                                             u'neutralMinionsKilledTeamJungle': 32,
                                             u'objectivePlayerScore': 0,
                                             u'pentaKills': 0,
                                             u'physicalDamageDealt': 263863,
                                             u'physicalDamageDealtToChampions': 37598,
                                             u'physicalDamageTaken': 29673,
                                             u'quadraKills': 0,
                                             u'sightWardsBoughtInGame': 0,
                                             u'totalDamageDealt': 278697,
                                             u'totalDamageDealtToChampions': 41886,
                                             u'totalDamageTaken': 47802,
                                             u'totalHeal': 7118,
                                             u'totalPlayerScore': 0,
                                             u'totalScoreRank': 0,
                                             u'totalTimeCrowdControlDealt': 184,
                                             u'totalUnitsHealed': 3,
                                             u'towerKills': 1,
                                             u'tripleKills': 1,
                                             u'trueDamageDealt': 2169,
                                             u'trueDamageDealtToChampions': 841,
                                             u'trueDamageTaken': 1628,
                                             u'unrealKills': 0,
                                             u'visionWardsBoughtInGame': 0,
                                             u'wardsKilled': 1,
                                             u'wardsPlaced': 20,
                                             u'winner': False},
                                  u'teamId': 100,
                                  u'timeline': {u'creepsPerMinDeltas': {u'tenToTwenty': 4.9,
                                                                        u'thirtyToEnd': 3.8,
                                                                        u'twentyToThirty': 3.5,
                                                                        u'zeroToTen': 5.7},
                                                u'damageTakenPerMinDeltas': {u'tenToTwenty': 753.4,
                                                                             u'thirtyToEnd': 1250.2000000000003,
                                                                             u'twentyToThirty': 948.6,
                                                                             u'zeroToTen': 252.5},
                                                u'goldPerMinDeltas': {u'tenToTwenty': 330.4,
                                                                      u'thirtyToEnd': 446.8,
                                                                      u'twentyToThirty': 294.9,
                                                                      u'zeroToTen': 210.3},
                                                u'lane': u'BOTTOM',
                                                u'role': u'SOLO',
                                                u'xpPerMinDeltas': {u'tenToTwenty': 384.20000000000005,
                                                                    u'thirtyToEnd': 550.15,
                                                                    u'twentyToThirty': 355.0,
                                                                    u'zeroToTen': 373.1}}},
                                 {u'championId': 40,
                                  u'highestAchievedSeasonTier': u'SILVER',
                                  u'masteries': [{u'masteryId': 6212,
                                                  u'rank': 5},
                                                 {u'masteryId': 6221,
                                                  u'rank': 1},
                                                 {u'masteryId': 6232,
                                                  u'rank': 5},
                                                 {u'masteryId': 6241,
                                                  u'rank': 1},
                                                 {u'masteryId': 6311,
                                                  u'rank': 5},
                                                 {u'masteryId': 6322,
                                                  u'rank': 1},
                                                 {u'masteryId': 6332,
                                                  u'rank': 5},
                                                 {u'masteryId': 6343,
                                                  u'rank': 1},
                                                 {u'masteryId': 6352,
                                                  u'rank': 5},
                                                 {u'masteryId': 6363,
                                                  u'rank': 1}],
                                  u'participantId': 2,
                                  u'runes': [{u'rank': 9,
                                              u'runeId': 5271},
                                             {u'rank': 9,
                                              u'runeId': 5298},
                                             {u'rank': 9,
                                              u'runeId': 5316},
                                             {u'rank': 3,
                                              u'runeId': 5357}],
                                  u'spell1Id': 14,
                                  u'spell2Id': 4,
                                  u'stats': {u'assists': 21,
                                             u'champLevel': 18,
                                             u'combatPlayerScore': 0,
                                             u'deaths': 12,
                                             u'doubleKills': 0,
                                             u'firstBloodAssist': False,
                                             u'firstBloodKill': False,
                                             u'firstInhibitorAssist': False,
                                             u'firstInhibitorKill': False,
                                             u'firstTowerAssist': False,
                                             u'firstTowerKill': False,
                                             u'goldEarned': 15200,
                                             u'goldSpent': 13075,
                                             u'inhibitorKills': 0,
                                             u'item0': 1327,
                                             u'item1': 2045,
                                             u'item2': 3092,
                                             u'item3': 3110,
                                             u'item4': 3050,
                                             u'item5': 3190,
                                             u'item6': 3364,
                                             u'killingSprees': 0,
                                             u'kills': 4,
                                             u'largestCriticalStrike': 0,
                                             u'largestKillingSpree': 0,
                                             u'largestMultiKill': 1,
                                             u'magicDamageDealt': 39822,
                                             u'magicDamageDealtToChampions': 10175,
                                             u'magicDamageTaken': 19724,
                                             u'minionsKilled': 36,
                                             u'neutralMinionsKilled': 1,
                                             u'neutralMinionsKilledEnemyJungle': 0,
                                             u'neutralMinionsKilledTeamJungle': 1,
                                             u'objectivePlayerScore': 0,
                                             u'pentaKills': 0,
                                             u'physicalDamageDealt': 7474,
                                             u'physicalDamageDealtToChampions': 1861,
                                             u'physicalDamageTaken': 14986,
                                             u'quadraKills': 0,
                                             u'sightWardsBoughtInGame': 0,
                                             u'totalDamageDealt': 48419,
                                             u'totalDamageDealtToChampions': 12942,
                                             u'totalDamageTaken': 36931,
                                             u'totalHeal': 10832,
                                             u'totalPlayerScore': 0,
                                             u'totalScoreRank': 0,
                                             u'totalTimeCrowdControlDealt': 2769,
                                             u'totalUnitsHealed': 12,
                                             u'towerKills': 1,
                                             u'tripleKills': 0,
                                             u'trueDamageDealt': 1122,
                                             u'trueDamageDealtToChampions': 906,
                                             u'trueDamageTaken': 2219,
                                             u'unrealKills': 0,
                                             u'visionWardsBoughtInGame': 1,
                                             u'wardsKilled': 2,
                                             u'wardsPlaced': 25,
                                             u'winner': False},
                                  u'teamId': 100,
                                  u'timeline': {u'creepsPerMinDeltas': {u'tenToTwenty': 0.7,
                                                                        u'thirtyToEnd': 0.8999999999999999,
                                                                        u'twentyToThirty': 1.1,
                                                                        u'zeroToTen': 0.0},
                                                u'damageTakenPerMinDeltas': {u'tenToTwenty': 592.3,
                                                                             u'thirtyToEnd': 1209.6,
                                                                             u'twentyToThirty': 681.6,
                                                                             u'zeroToTen': 0.0},
                                                u'goldPerMinDeltas': {u'tenToTwenty': 264.5,
                                                                      u'thirtyToEnd': 373.2,
                                                                      u'twentyToThirty': 340.6,
                                                                      u'zeroToTen': 98.0},
                                                u'lane': u'JUNGLE',
                                                u'role': u'NONE',
                                                u'xpPerMinDeltas': {u'tenToTwenty': 414.4,
                                                                    u'thirtyToEnd': 558.65,
                                                                    u'twentyToThirty': 377.4,
                                                                    u'zeroToTen': 0.0}}},
                                 {u'championId': 75,
                                  u'highestAchievedSeasonTier': u'SILVER',
                                  u'masteries': [{u'masteryId': 6212,
                                                  u'rank': 5},
                                                 {u'masteryId': 6221,
                                                  u'rank': 1},
                                                 {u'masteryId': 6231,
                                                  u'rank': 5},
                                                 {u'masteryId': 6242,
                                                  u'rank': 1},
                                                 {u'masteryId': 6311,
                                                  u'rank': 5},
                                                 {u'masteryId': 6323,
                                                  u'rank': 1},
                                                 {u'masteryId': 6332,
                                                  u'rank': 5},
                                                 {u'masteryId': 6343,
                                                  u'rank': 1},
                                                 {u'masteryId': 6352,
                                                  u'rank': 5},
                                                 {u'masteryId': 6362,
                                                  u'rank': 1}],
                                  u'participantId': 3,
                                  u'runes': [{u'rank': 9,
                                              u'runeId': 5245},
                                             {u'rank': 9,
                                              u'runeId': 5289},
                                             {u'rank': 9,
                                              u'runeId': 5317},
                                             {u'rank': 3,
                                              u'runeId': 5335}],
                                  u'spell1Id': 12,
                                  u'spell2Id': 4,
                                  u'stats': {u'assists': 11,
                                             u'champLevel': 18,
                                             u'combatPlayerScore': 0,
                                             u'deaths': 7,
                                             u'doubleKills': 2,
                                             u'firstBloodAssist': False,
                                             u'firstBloodKill': False,
                                             u'firstInhibitorAssist': False,
                                             u'firstInhibitorKill': False,
                                             u'firstTowerAssist': False,
                                             u'firstTowerKill': False,
                                             u'goldEarned': 22984,
                                             u'goldSpent': 18800,
                                             u'inhibitorKills': 0,
                                             u'item0': 3110,
                                             u'item1': 3111,
                                             u'item2': 3025,
                                             u'item3': 3065,
                                             u'item4': 3026,
                                             u'item5': 3075,
                                             u'item6': 3340,
                                             u'killingSprees': 3,
                                             u'kills': 16,
                                             u'largestCriticalStrike': 0,
                                             u'largestKillingSpree': 11,
                                             u'largestMultiKill': 2,
                                             u'magicDamageDealt': 87493,
                                             u'magicDamageDealtToChampions': 19192,
                                             u'magicDamageTaken': 19368,
                                             u'minionsKilled': 345,
                                             u'neutralMinionsKilled': 14,
                                             u'neutralMinionsKilledEnemyJungle': 1,
                                             u'neutralMinionsKilledTeamJungle': 13,
                                             u'objectivePlayerScore': 0,
                                             u'pentaKills': 0,
                                             u'physicalDamageDealt': 284501,
                                             u'physicalDamageDealtToChampions': 31946,
                                             u'physicalDamageTaken': 35489,
                                             u'quadraKills': 0,
                                             u'sightWardsBoughtInGame': 0,
                                             u'totalDamageDealt': 374742,
                                             u'totalDamageDealtToChampions': 52577,
                                             u'totalDamageTaken': 59963,
                                             u'totalHeal': 3602,
                                             u'totalPlayerScore': 0,
                                             u'totalScoreRank': 0,
                                             u'totalTimeCrowdControlDealt': 5857,
                                             u'totalUnitsHealed': 1,
                                             u'towerKills': 2,
                                             u'tripleKills': 0,
                                             u'trueDamageDealt': 2747,
                                             u'trueDamageDealtToChampions': 1439,
                                             u'trueDamageTaken': 5105,
                                             u'unrealKills': 0,
                                             u'visionWardsBoughtInGame': 0,
                                             u'wardsKilled': 0,
                                             u'wardsPlaced': 6,
                                             u'winner': False},
                                  u'teamId': 100,
                                  u'timeline': {u'creepsPerMinDeltas': {u'tenToTwenty': 8.0,
                                                                        u'thirtyToEnd': 7.699999999999999,
                                                                        u'twentyToThirty': 6.2,
                                                                        u'zeroToTen': 4.9},
                                                u'csDiffPerMinDeltas': {u'tenToTwenty': 0.20000000000000018,
                                                                        u'thirtyToEnd': 2.4000000000000004,
                                                                        u'twentyToThirty': 0.20000000000000062,
                                                                        u'zeroToTen': -0.7000000000000002},
                                                u'damageTakenDiffPerMinDeltas': {u'tenToTwenty': 56.599999999999966,
                                                                                 u'thirtyToEnd': 496.6499999999999,
                                                                                 u'twentyToThirty': 70.10000000000002,
                                                                                 u'zeroToTen': 221.40000000000003},
                                                u'damageTakenPerMinDeltas': {u'tenToTwenty': 901.5,
                                                                             u'thirtyToEnd': 1474.8,
                                                                             u'twentyToThirty': 1136.0,
                                                                             u'zeroToTen': 591.0},
                                                u'goldPerMinDeltas': {u'tenToTwenty': 409.6,
                                                                      u'thirtyToEnd': 584.95,
                                                                      u'twentyToThirty': 437.0,
                                                                      u'zeroToTen': 213.39999999999998},
                                                u'lane': u'TOP',
                                                u'role': u'SOLO',
                                                u'xpDiffPerMinDeltas': {u'tenToTwenty': 166.5,
                                                                        u'thirtyToEnd': 338.35,
                                                                        u'twentyToThirty': 110.80000000000001,
                                                                        u'zeroToTen': -70.30000000000001},
                                                u'xpPerMinDeltas': {u'tenToTwenty': 615.7,
                                                                    u'thirtyToEnd': 818.55,
                                                                    u'twentyToThirty': 566.2,
                                                                    u'zeroToTen': 380.5}}},
                                 {u'championId': 32,
                                  u'highestAchievedSeasonTier': u'SILVER',
                                  u'masteries': [{u'masteryId': 6114,
                                                  u'rank': 5},
                                                 {u'masteryId': 6122,
                                                  u'rank': 1},
                                                 {u'masteryId': 6134,
                                                  u'rank': 5},
                                                 {u'masteryId': 6142,
                                                  u'rank': 1},
                                                 {u'masteryId': 6154,
                                                  u'rank': 5},
                                                 {u'masteryId': 6164,
                                                  u'rank': 1},
                                                 {u'masteryId': 6211,
                                                  u'rank': 3},
                                                 {u'masteryId': 6212,
                                                  u'rank': 2},
                                                 {u'masteryId': 6311,
                                                  u'rank': 5},
                                                 {u'masteryId': 6322,
                                                  u'rank': 1},
                                                 {u'masteryId': 6332,
                                                  u'rank': 1}],
                                  u'participantId': 4,
                                  u'runes': [{u'rank': 9,
                                              u'runeId': 5289},
                                             {u'rank': 9,
                                              u'runeId': 5317},
                                             {u'rank': 3,
                                              u'runeId': 5357},
                                             {u'rank': 9,
                                              u'runeId': 5402}],
                                  u'spell1Id': 11,
                                  u'spell2Id': 4,
                                  u'stats': {u'assists': 18,
                                             u'champLevel': 18,
                                             u'combatPlayerScore': 0,
                                             u'deaths': 15,
                                             u'doubleKills': 1,
                                             u'firstBloodAssist': False,
                                             u'firstBloodKill': False,
                                             u'firstInhibitorAssist': False,
                                             u'firstInhibitorKill': False,
                                             u'firstTowerAssist': False,
                                             u'firstTowerKill': False,
                                             u'goldEarned': 17078,
                                             u'goldSpent': 15575,
                                             u'inhibitorKills': 0,
                                             u'item0': 1401,
                                             u'item1': 3157,
                                             u'item2': 3800,
                                             u'item3': 3742,
                                             u'item4': 1316,
                                             u'item5': 3075,
                                             u'item6': 3340,
                                             u'killingSprees': 2,
                                             u'kills': 6,
                                             u'largestCriticalStrike': 0,
                                             u'largestKillingSpree': 2,
                                             u'largestMultiKill': 2,
                                             u'magicDamageDealt': 163835,
                                             u'magicDamageDealtToChampions': 29929,
                                             u'magicDamageTaken': 20785,
                                             u'minionsKilled': 101,
                                             u'neutralMinionsKilled': 67,
                                             u'neutralMinionsKilledEnemyJungle': 0,
                                             u'neutralMinionsKilledTeamJungle': 67,
                                             u'objectivePlayerScore': 0,
                                             u'pentaKills': 0,
                                             u'physicalDamageDealt': 28401,
                                             u'physicalDamageDealtToChampions': 2690,
                                             u'physicalDamageTaken': 27332,
                                             u'quadraKills': 0,
                                             u'sightWardsBoughtInGame': 0,
                                             u'totalDamageDealt': 205243,
                                             u'totalDamageDealtToChampions': 35431,
                                             u'totalDamageTaken': 54597,
                                             u'totalHeal': 5237,
                                             u'totalPlayerScore': 0,
                                             u'totalScoreRank': 0,
                                             u'totalTimeCrowdControlDealt': 286,
                                             u'totalUnitsHealed': 1,
                                             u'towerKills': 1,
                                             u'tripleKills': 0,
                                             u'trueDamageDealt': 13006,
                                             u'trueDamageDealtToChampions': 2810,
                                             u'trueDamageTaken': 6479,
                                             u'unrealKills': 0,
                                             u'visionWardsBoughtInGame': 0,
                                             u'wardsKilled': 0,
                                             u'wardsPlaced': 20,
                                             u'winner': False},
                                  u'teamId': 100,
                                  u'timeline': {u'creepsPerMinDeltas': {u'tenToTwenty': 1.5,
                                                                        u'thirtyToEnd': 2.2,
                                                                        u'twentyToThirty': 3.0,
                                                                        u'zeroToTen': 1.1},
                                                u'damageTakenPerMinDeltas': {u'tenToTwenty': 883.2,
                                                                             u'thirtyToEnd': 1375.75,
                                                                             u'twentyToThirty': 1006.9,
                                                                             u'zeroToTen': 514.5},
                                                u'goldPerMinDeltas': {u'tenToTwenty': 353.8,
                                                                      u'thirtyToEnd': 400.54999999999995,
                                                                      u'twentyToThirty': 304.5,
                                                                      u'zeroToTen': 172.8},
                                                u'lane': u'JUNGLE',
                                                u'role': u'NONE',
                                                u'xpPerMinDeltas': {u'tenToTwenty': 531.0,
                                                                    u'thirtyToEnd': 546.2,
                                                                    u'twentyToThirty': 432.3,
                                                                    u'zeroToTen': 232.5}}},
                                 {u'championId': 98,
                                  u'highestAchievedSeasonTier': u'SILVER',
                                  u'masteries': [{u'masteryId': 6111,
                                                  u'rank': 5},
                                                 {u'masteryId': 6121,
                                                  u'rank': 1},
                                                 {u'masteryId': 6134,
                                                  u'rank': 5},
                                                 {u'masteryId': 6142,
                                                  u'rank': 1},
                                                 {u'masteryId': 6312,
                                                  u'rank': 5},
                                                 {u'masteryId': 6322,
                                                  u'rank': 1},
                                                 {u'masteryId': 6331,
                                                  u'rank': 5},
                                                 {u'masteryId': 6343,
                                                  u'rank': 1},
                                                 {u'masteryId': 6352,
                                                  u'rank': 5},
                                                 {u'masteryId': 6362,
                                                  u'rank': 1}],
                                  u'participantId': 5,
                                  u'runes': [{u'rank': 9,
                                              u'runeId': 5245},
                                             {u'rank': 9,
                                              u'runeId': 5289},
                                             {u'rank': 9,
                                              u'runeId': 5317},
                                             {u'rank': 3,
                                              u'runeId': 5347}],
                                  u'spell1Id': 4,
                                  u'spell2Id': 12,
                                  u'stats': {u'assists': 14,
                                             u'champLevel': 18,
                                             u'combatPlayerScore': 0,
                                             u'deaths': 17,
                                             u'doubleKills': 0,
                                             u'firstBloodAssist': False,
                                             u'firstBloodKill': False,
                                             u'firstInhibitorAssist': False,
                                             u'firstInhibitorKill': False,
                                             u'firstTowerAssist': False,
                                             u'firstTowerKill': False,
                                             u'goldEarned': 17530,
                                             u'goldSpent': 14800,
                                             u'inhibitorKills': 0,
                                             u'item0': 1054,
                                             u'item1': 3065,
                                             u'item2': 3047,
                                             u'item3': 3078,
                                             u'item4': 3068,
                                             u'item5': 3748,
                                             u'item6': 3340,
                                             u'killingSprees': 3,
                                             u'kills': 13,
                                             u'largestCriticalStrike': 487,
                                             u'largestKillingSpree': 3,
                                             u'largestMultiKill': 1,
                                             u'magicDamageDealt': 62237,
                                             u'magicDamageDealtToChampions': 19830,
                                             u'magicDamageTaken': 21544,
                                             u'minionsKilled': 148,
                                             u'neutralMinionsKilled': 1,
                                             u'neutralMinionsKilledEnemyJungle': 0,
                                             u'neutralMinionsKilledTeamJungle': 1,
                                             u'objectivePlayerScore': 0,
                                             u'pentaKills': 0,
                                             u'physicalDamageDealt': 69932,
                                             u'physicalDamageDealtToChampions': 8610,
                                             u'physicalDamageTaken': 35571,
                                             u'quadraKills': 0,
                                             u'sightWardsBoughtInGame': 0,
                                             u'totalDamageDealt': 133260,
                                             u'totalDamageDealtToChampions': 28745,
                                             u'totalDamageTaken': 63728,
                                             u'totalHeal': 1821,
                                             u'totalPlayerScore': 0,
                                             u'totalScoreRank': 0,
                                             u'totalTimeCrowdControlDealt': 211,
                                             u'totalUnitsHealed': 1,
                                             u'towerKills': 0,
                                             u'tripleKills': 0,
                                             u'trueDamageDealt': 1091,
                                             u'trueDamageDealtToChampions': 303,
                                             u'trueDamageTaken': 6612,
                                             u'unrealKills': 0,
                                             u'visionWardsBoughtInGame': 0,
                                             u'wardsKilled': 0,
                                             u'wardsPlaced': 3,
                                             u'winner': False},
                                  u'teamId': 100,
                                  u'timeline': {u'creepsPerMinDeltas': {u'tenToTwenty': 2.5,
                                                                        u'thirtyToEnd': 3.05,
                                                                        u'twentyToThirty': 2.2,
                                                                        u'zeroToTen': 3.4},
                                                u'csDiffPerMinDeltas': {u'tenToTwenty': -2.5,
                                                                        u'thirtyToEnd': -1.7000000000000002,
                                                                        u'twentyToThirty': -1.3,
                                                                        u'zeroToTen': -2.2},
                                                u'damageTakenDiffPerMinDeltas': {u'tenToTwenty': 338.49999999999994,
                                                                                 u'thirtyToEnd': 385.70000000000005,
                                                                                 u'twentyToThirty': 812.7,
                                                                                 u'zeroToTen': 219.60000000000002},
                                                u'damageTakenPerMinDeltas': {u'tenToTwenty': 860.6999999999999,
                                                                             u'thirtyToEnd': 1570.0500000000002,
                                                                             u'twentyToThirty': 1569.8,
                                                                             u'zeroToTen': 476.1},
                                                u'goldPerMinDeltas': {u'tenToTwenty': 302.6,
                                                                      u'thirtyToEnd': 387.25,
                                                                      u'twentyToThirty': 369.5,
                                                                      u'zeroToTen': 195.8},
                                                u'lane': u'MIDDLE',
                                                u'role': u'SOLO',
                                                u'xpDiffPerMinDeltas': {u'tenToTwenty': 97.70000000000002,
                                                                        u'thirtyToEnd': -130.24999999999997,
                                                                        u'twentyToThirty': 21.00000000000003,
                                                                        u'zeroToTen': -122.39999999999998},
                                                u'xpPerMinDeltas': {u'tenToTwenty': 448.5,
                                                                    u'thirtyToEnd': 436.29999999999995,
                                                                    u'twentyToThirty': 410.20000000000005,
                                                                    u'zeroToTen': 347.3}}},
                                 {u'championId': 85,
                                  u'highestAchievedSeasonTier': u'SILVER',
                                  u'masteries': [{u'masteryId': 6114,
                                                  u'rank': 5},
                                                 {u'masteryId': 6121,
                                                  u'rank': 1},
                                                 {u'masteryId': 6134,
                                                  u'rank': 5},
                                                 {u'masteryId': 6142,
                                                  u'rank': 1},
                                                 {u'masteryId': 6312,
                                                  u'rank': 5},
                                                 {u'masteryId': 6323,
                                                  u'rank': 1},
                                                 {u'masteryId': 6331,
                                                  u'rank': 5},
                                                 {u'masteryId': 6343,
                                                  u'rank': 1},
                                                 {u'masteryId': 6351,
                                                  u'rank': 5},
                                                 {u'masteryId': 6362,
                                                  u'rank': 1}],
                                  u'participantId': 6,
                                  u'runes': [{u'rank': 9,
                                              u'runeId': 5273},
                                             {u'rank': 9,
                                              u'runeId': 5289},
                                             {u'rank': 9,
                                              u'runeId': 5317},
                                             {u'rank': 3,
                                              u'runeId': 5357}],
                                  u'spell1Id': 14,
                                  u'spell2Id': 4,
                                  u'stats': {u'assists': 12,
                                             u'champLevel': 18,
                                             u'combatPlayerScore': 0,
                                             u'deaths': 7,
                                             u'doubleKills': 0,
                                             u'firstBloodAssist': False,
                                             u'firstBloodKill': True,
                                             u'firstInhibitorAssist': False,
                                             u'firstInhibitorKill': False,
                                             u'firstTowerAssist': True,
                                             u'firstTowerKill': False,
                                             u'goldEarned': 19457,
                                             u'goldSpent': 19225,
                                             u'inhibitorKills': 0,
                                             u'item0': 3285,
                                             u'item1': 3157,
                                             u'item2': 3116,
                                             u'item3': 3152,
                                             u'item4': 1311,
                                             u'item5': 3089,
                                             u'item6': 3340,
                                             u'killingSprees': 3,
                                             u'kills': 9,
                                             u'largestCriticalStrike': 0,
                                             u'largestKillingSpree': 4,
                                             u'largestMultiKill': 1,
                                             u'magicDamageDealt': 209633,
                                             u'magicDamageDealtToChampions': 53242,
                                             u'magicDamageTaken': 17972,
                                             u'minionsKilled': 245,
                                             u'neutralMinionsKilled': 15,
                                             u'neutralMinionsKilledEnemyJungle': 8,
                                             u'neutralMinionsKilledTeamJungle': 7,
                                             u'objectivePlayerScore': 0,
                                             u'pentaKills': 0,
                                             u'physicalDamageDealt': 47148,
                                             u'physicalDamageDealtToChampions': 3476,
                                             u'physicalDamageTaken': 20738,
                                             u'quadraKills': 0,
                                             u'sightWardsBoughtInGame': 0,
                                             u'totalDamageDealt': 259000,
                                             u'totalDamageDealtToChampions': 58365,
                                             u'totalDamageTaken': 39788,
                                             u'totalHeal': 10946,
                                             u'totalPlayerScore': 0,
                                             u'totalScoreRank': 0,
                                             u'totalTimeCrowdControlDealt': 1604,
                                             u'totalUnitsHealed': 1,
                                             u'towerKills': 1,
                                             u'tripleKills': 0,
                                             u'trueDamageDealt': 2218,
                                             u'trueDamageDealtToChampions': 1646,
                                             u'trueDamageTaken': 1076,
                                             u'unrealKills': 0,
                                             u'visionWardsBoughtInGame': 1,
                                             u'wardsKilled': 1,
                                             u'wardsPlaced': 14,
                                             u'winner': True},
                                  u'teamId': 200,
                                  u'timeline': {u'creepsPerMinDeltas': {u'tenToTwenty': 5.0,
                                                                        u'thirtyToEnd': 4.75,
                                                                        u'twentyToThirty': 3.5,
                                                                        u'zeroToTen': 5.6},
                                                u'csDiffPerMinDeltas': {u'tenToTwenty': 2.5,
                                                                        u'thirtyToEnd': 1.7000000000000002,
                                                                        u'twentyToThirty': 1.3,
                                                                        u'zeroToTen': 2.2},
                                                u'damageTakenDiffPerMinDeltas': {u'tenToTwenty': -338.49999999999994,
                                                                                 u'thirtyToEnd': -385.70000000000005,
                                                                                 u'twentyToThirty': -812.7,
                                                                                 u'zeroToTen': -219.60000000000002},
                                                u'damageTakenPerMinDeltas': {u'tenToTwenty': 522.2,
                                                                             u'thirtyToEnd': 1184.35,
                                                                             u'twentyToThirty': 757.0999999999999,
                                                                             u'zeroToTen': 256.5},
                                                u'goldPerMinDeltas': {u'tenToTwenty': 308.8,
                                                                      u'thirtyToEnd': 478.6,
                                                                      u'twentyToThirty': 296.5,
                                                                      u'zeroToTen': 285.3},
                                                u'lane': u'MIDDLE',
                                                u'role': u'SOLO',
                                                u'xpDiffPerMinDeltas': {u'tenToTwenty': -97.70000000000002,
                                                                        u'thirtyToEnd': 130.24999999999997,
                                                                        u'twentyToThirty': -21.00000000000003,
                                                                        u'zeroToTen': 122.39999999999998},
                                                u'xpPerMinDeltas': {u'tenToTwenty': 350.79999999999995,
                                                                    u'thirtyToEnd': 566.55,
                                                                    u'twentyToThirty': 389.2,
                                                                    u'zeroToTen': 469.7}}},
                                 {u'championId': 157,
                                  u'highestAchievedSeasonTier': u'SILVER',
                                  u'masteries': [{u'masteryId': 6111,
                                                  u'rank': 5},
                                                 {u'masteryId': 6122,
                                                  u'rank': 1},
                                                 {u'masteryId': 6131,
                                                  u'rank': 5},
                                                 {u'masteryId': 6141,
                                                  u'rank': 1},
                                                 {u'masteryId': 6151,
                                                  u'rank': 5},
                                                 {u'masteryId': 6161,
                                                  u'rank': 1},
                                                 {u'masteryId': 6212,
                                                  u'rank': 5},
                                                 {u'masteryId': 6223,
                                                  u'rank': 1},
                                                 {u'masteryId': 6231,
                                                  u'rank': 5},
                                                 {u'masteryId': 6241,
                                                  u'rank': 1}],
                                  u'participantId': 7,
                                  u'runes': [{u'rank': 6,
                                              u'runeId': 5245},
                                             {u'rank': 3,
                                              u'runeId': 5251},
                                             {u'rank': 9,
                                              u'runeId': 5289},
                                             {u'rank': 9,
                                              u'runeId': 5317},
                                             {u'rank': 3,
                                              u'runeId': 5337}],
                                  u'spell1Id': 12,
                                  u'spell2Id': 4,
                                  u'stats': {u'assists': 13,
                                             u'champLevel': 18,
                                             u'combatPlayerScore': 0,
                                             u'deaths': 14,
                                             u'doubleKills': 0,
                                             u'firstBloodAssist': False,
                                             u'firstBloodKill': False,
                                             u'firstInhibitorAssist': True,
                                             u'firstInhibitorKill': False,
                                             u'firstTowerAssist': True,
                                             u'firstTowerKill': False,
                                             u'goldEarned': 19365,
                                             u'goldSpent': 16700,
                                             u'inhibitorKills': 0,
                                             u'item0': 3153,
                                             u'item1': 3087,
                                             u'item2': 3111,
                                             u'item3': 3031,
                                             u'item4': 3078,
                                             u'item5': 1038,
                                             u'item6': 3340,
                                             u'killingSprees': 0,
                                             u'kills': 5,
                                             u'largestCriticalStrike': 1025,
                                             u'largestKillingSpree': 0,
                                             u'largestMultiKill': 1,
                                             u'magicDamageDealt': 108797,
                                             u'magicDamageDealtToChampions': 8635,
                                             u'magicDamageTaken': 11924,
                                             u'minionsKilled': 307,
                                             u'neutralMinionsKilled': 27,
                                             u'neutralMinionsKilledEnemyJungle': 8,
                                             u'neutralMinionsKilledTeamJungle': 19,
                                             u'objectivePlayerScore': 0,
                                             u'pentaKills': 0,
                                             u'physicalDamageDealt': 214603,
                                             u'physicalDamageDealtToChampions': 22754,
                                             u'physicalDamageTaken': 31638,
                                             u'quadraKills': 0,
                                             u'sightWardsBoughtInGame': 0,
                                             u'totalDamageDealt': 323545,
                                             u'totalDamageDealtToChampions': 31389,
                                             u'totalDamageTaken': 44732,
                                             u'totalHeal': 3374,
                                             u'totalPlayerScore': 0,
                                             u'totalScoreRank': 0,
                                             u'totalTimeCrowdControlDealt': 223,
                                             u'totalUnitsHealed': 1,
                                             u'towerKills': 0,
                                             u'tripleKills': 0,
                                             u'trueDamageDealt': 144,
                                             u'trueDamageDealtToChampions': 0,
                                             u'trueDamageTaken': 1170,
                                             u'unrealKills': 0,
                                             u'visionWardsBoughtInGame': 0,
                                             u'wardsKilled': 0,
                                             u'wardsPlaced': 15,
                                             u'winner': True},
                                  u'teamId': 200,
                                  u'timeline': {u'creepsPerMinDeltas': {u'tenToTwenty': 7.800000000000001,
                                                                        u'thirtyToEnd': 5.3,
                                                                        u'twentyToThirty': 6.0,
                                                                        u'zeroToTen': 5.6},
                                                u'csDiffPerMinDeltas': {u'tenToTwenty': -0.20000000000000018,
                                                                        u'thirtyToEnd': -2.4000000000000004,
                                                                        u'twentyToThirty': -0.20000000000000062,
                                                                        u'zeroToTen': 0.7000000000000002},
                                                u'damageTakenDiffPerMinDeltas': {u'tenToTwenty': -56.599999999999966,
                                                                                 u'thirtyToEnd': -496.6499999999999,
                                                                                 u'twentyToThirty': -70.10000000000002,
                                                                                 u'zeroToTen': -221.40000000000003},
                                                u'damageTakenPerMinDeltas': {u'tenToTwenty': 844.9,
                                                                             u'thirtyToEnd': 978.1500000000001,
                                                                             u'twentyToThirty': 1065.9,
                                                                             u'zeroToTen': 369.6},
                                                u'goldPerMinDeltas': {u'tenToTwenty': 362.20000000000005,
                                                                      u'thirtyToEnd': 422.35,
                                                                      u'twentyToThirty': 335.7,
                                                                      u'zeroToTen': 288.1},
                                                u'lane': u'TOP',
                                                u'role': u'SOLO',
                                                u'xpDiffPerMinDeltas': {u'tenToTwenty': -166.5,
                                                                        u'thirtyToEnd': -338.35,
                                                                        u'twentyToThirty': -110.80000000000001,
                                                                        u'zeroToTen': 70.30000000000001},
                                                u'xpPerMinDeltas': {u'tenToTwenty': 449.2,
                                                                    u'thirtyToEnd': 480.19999999999993,
                                                                    u'twentyToThirty': 455.4,
                                                                    u'zeroToTen': 450.8}}},
                                 {u'championId': 432,
                                  u'highestAchievedSeasonTier': u'BRONZE',
                                  u'masteries': [{u'masteryId': 6211,
                                                  u'rank': 2},
                                                 {u'masteryId': 6212,
                                                  u'rank': 3},
                                                 {u'masteryId': 6223,
                                                  u'rank': 1},
                                                 {u'masteryId': 6232,
                                                  u'rank': 5},
                                                 {u'masteryId': 6242,
                                                  u'rank': 1},
                                                 {u'masteryId': 6251,
                                                  u'rank': 5},
                                                 {u'masteryId': 6262,
                                                  u'rank': 1},
                                                 {u'masteryId': 6311,
                                                  u'rank': 5},
                                                 {u'masteryId': 6322,
                                                  u'rank': 1},
                                                 {u'masteryId': 6332,
                                                  u'rank': 5},
                                                 {u'masteryId': 6342,
                                                  u'rank': 1}],
                                  u'participantId': 8,
                                  u'runes': [{u'rank': 1,
                                              u'runeId': 5245},
                                             {u'rank': 8,
                                              u'runeId': 5273},
                                             {u'rank': 9,
                                              u'runeId': 5289},
                                             {u'rank': 9,
                                              u'runeId': 5317},
                                             {u'rank': 3,
                                              u'runeId': 5357}],
                                  u'spell1Id': 4,
                                  u'spell2Id': 3,
                                  u'stats': {u'assists': 25,
                                             u'champLevel': 18,
                                             u'combatPlayerScore': 0,
                                             u'deaths': 4,
                                             u'doubleKills': 0,
                                             u'firstBloodAssist': False,
                                             u'firstBloodKill': False,
                                             u'firstInhibitorAssist': True,
                                             u'firstInhibitorKill': False,
                                             u'firstTowerAssist': False,
                                             u'firstTowerKill': False,
                                             u'goldEarned': 16590,
                                             u'goldSpent': 14675,
                                             u'inhibitorKills': 0,
                                             u'item0': 3117,
                                             u'item1': 3110,
                                             u'item2': 3069,
                                             u'item3': 3102,
                                             u'item4': 3742,
                                             u'item5': 3083,
                                             u'item6': 3340,
                                             u'killingSprees': 1,
                                             u'kills': 5,
                                             u'largestCriticalStrike': 0,
                                             u'largestKillingSpree': 3,
                                             u'largestMultiKill': 1,
                                             u'magicDamageDealt': 56127,
                                             u'magicDamageDealtToChampions': 17727,
                                             u'magicDamageTaken': 13996,
                                             u'minionsKilled': 42,
                                             u'neutralMinionsKilled': 2,
                                             u'neutralMinionsKilledEnemyJungle': 1,
                                             u'neutralMinionsKilledTeamJungle': 1,
                                             u'objectivePlayerScore': 0,
                                             u'pentaKills': 0,
                                             u'physicalDamageDealt': 13968,
                                             u'physicalDamageDealtToChampions': 2994,
                                             u'physicalDamageTaken': 18212,
                                             u'quadraKills': 0,
                                             u'sightWardsBoughtInGame': 0,
                                             u'totalDamageDealt': 70095,
                                             u'totalDamageDealtToChampions': 20722,
                                             u'totalDamageTaken': 33604,
                                             u'totalHeal': 8938,
                                             u'totalPlayerScore': 0,
                                             u'totalScoreRank': 0,
                                             u'totalTimeCrowdControlDealt': 2152,
                                             u'totalUnitsHealed': 5,
                                             u'towerKills': 0,
                                             u'tripleKills': 0,
                                             u'trueDamageDealt': 0,
                                             u'trueDamageDealtToChampions': 0,
                                             u'trueDamageTaken': 1396,
                                             u'unrealKills': 0,
                                             u'visionWardsBoughtInGame': 1,
                                             u'wardsKilled': 0,
                                             u'wardsPlaced': 22,
                                             u'winner': True},
                                  u'teamId': 200,
                                  u'timeline': {u'creepsPerMinDeltas': {u'tenToTwenty': 0.0,
                                                                        u'thirtyToEnd': 1.05,
                                                                        u'twentyToThirty': 1.4000000000000001,
                                                                        u'zeroToTen': 0.7},
                                                u'damageTakenPerMinDeltas': {u'tenToTwenty': 613.1,
                                                                             u'thirtyToEnd': 945.2,
                                                                             u'twentyToThirty': 317.0,
                                                                             u'zeroToTen': 150.7},
                                                u'goldPerMinDeltas': {u'tenToTwenty': 295.29999999999995,
                                                                      u'thirtyToEnd': 385.04999999999995,
                                                                      u'twentyToThirty': 278.6,
                                                                      u'zeroToTen': 184.6},
                                                u'lane': u'BOTTOM',
                                                u'role': u'DUO_SUPPORT',
                                                u'xpPerMinDeltas': {u'tenToTwenty': 370.9,
                                                                    u'thirtyToEnd': 505.75,
                                                                    u'twentyToThirty': 435.7,
                                                                    u'zeroToTen': 259.5}}},
                                 {u'championId': 80,
                                  u'highestAchievedSeasonTier': u'SILVER',
                                  u'masteries': [{u'masteryId': 6111,
                                                  u'rank': 5},
                                                 {u'masteryId': 6121,
                                                  u'rank': 1},
                                                 {u'masteryId': 6134,
                                                  u'rank': 5},
                                                 {u'masteryId': 6141,
                                                  u'rank': 1},
                                                 {u'masteryId': 6312,
                                                  u'rank': 5},
                                                 {u'masteryId': 6321,
                                                  u'rank': 1},
                                                 {u'masteryId': 6331,
                                                  u'rank': 5},
                                                 {u'masteryId': 6343,
                                                  u'rank': 1},
                                                 {u'masteryId': 6351,
                                                  u'rank': 5},
                                                 {u'masteryId': 6362,
                                                  u'rank': 1}],
                                  u'participantId': 9,
                                  u'runes': [{u'rank': 9,
                                              u'runeId': 5245},
                                             {u'rank': 9,
